[0.014s] Invoking command in '/home/pid/ros2_ws/src/femto_agv/build/femto_agv': CMAKE_PREFIX_PATH=${CMAKE_PREFIX_PATH}:/opt/ros/jazzy DEBUGINFOD_URLS=https://debuginfod.ubuntu.com /usr/bin/cmake /home/pid/ros2_ws/src/femto_agv -DAMENT_CMAKE_SYMLINK_INSTALL=1 -DCMAKE_INSTALL_PREFIX=/home/pid/ros2_ws/src/femto_agv/install/femto_agv
[0.121s] -- The C compiler identification is GNU 13.2.0
[0.225s] -- The CXX compiler identification is GNU 13.2.0
[0.253s] -- Detecting C compiler ABI info
[0.420s] -- Detecting C compiler ABI info - done
[0.436s] -- Check for working C compiler: /usr/bin/cc - skipped
[0.436s] -- Detecting C compile features
[0.436s] -- Detecting C compile features - done
[0.451s] -- Detecting CXX compiler ABI info
[0.634s] -- Detecting CXX compiler ABI info - done
[0.649s] -- Check for working CXX compiler: /usr/bin/c++ - skipped
[0.649s] -- Detecting CXX compile features
[0.650s] -- Detecting CXX compile features - done
[0.656s] -- Found ament_cmake: 2.5.2 (/opt/ros/jazzy/share/ament_cmake/cmake)
[0.892s] -- Found Python3: /usr/bin/python3 (found version "3.12.3") found components: Interpreter 
[1.008s] -- Override CMake install command with custom implementation using symlinks instead of copying resources
[1.084s] -- Found ament_lint_auto: 0.17.1 (/opt/ros/jazzy/share/ament_lint_auto/cmake)
[1.282s] -- Added test 'copyright' to check source files copyright and LICENSE
[1.292s] -- Added test 'cppcheck' to perform static code analysis on C / C++ code
[1.292s] -- Configured cppcheck include dirs: 
[1.292s] -- Configured cppcheck exclude dirs and/or files: 
[1.302s] -- Added test 'cpplint' to check C / C++ code against the Google style
[1.302s] -- Configured cpplint exclude dirs and/or files: 
[1.304s] -- Added test 'flake8' to check Python code syntax and style conventions
[1.304s] -- Configured 'flake8' exclude dirs and/or files: 
[1.308s] -- Added test 'lint_cmake' to check CMake code style
[1.310s] -- Added test 'pep257' to check Python code against some of the docstring style conventions in PEP 257
[1.319s] -- Added test 'uncrustify' to check C / C++ code style
[1.320s] -- Configured uncrustify additional arguments: 
[1.322s] -- Added test 'xmllint' to check XML markup files
[1.324s] -- Configuring done (1.3s)
[1.329s] -- Generating done (0.0s)
[1.330s] -- Build files have been written to: /home/pid/ros2_ws/src/femto_agv/build/femto_agv
[1.339s] Invoked command in '/home/pid/ros2_ws/src/femto_agv/build/femto_agv' returned '0': CMAKE_PREFIX_PATH=${CMAKE_PREFIX_PATH}:/opt/ros/jazzy DEBUGINFOD_URLS=https://debuginfod.ubuntu.com /usr/bin/cmake /home/pid/ros2_ws/src/femto_agv -DAMENT_CMAKE_SYMLINK_INSTALL=1 -DCMAKE_INSTALL_PREFIX=/home/pid/ros2_ws/src/femto_agv/install/femto_agv
[1.341s] Invoking command in '/home/pid/ros2_ws/src/femto_agv/build/femto_agv': CMAKE_PREFIX_PATH=${CMAKE_PREFIX_PATH}:/opt/ros/jazzy DEBUGINFOD_URLS=https://debuginfod.ubuntu.com /usr/bin/cmake --build /home/pid/ros2_ws/src/femto_agv/build/femto_agv -- -j4 -l4
[1.417s] Invoked command in '/home/pid/ros2_ws/src/femto_agv/build/femto_agv' returned '0': CMAKE_PREFIX_PATH=${CMAKE_PREFIX_PATH}:/opt/ros/jazzy DEBUGINFOD_URLS=https://debuginfod.ubuntu.com /usr/bin/cmake --build /home/pid/ros2_ws/src/femto_agv/build/femto_agv -- -j4 -l4
[1.472s] Invoking command in '/home/pid/ros2_ws/src/femto_agv/build/femto_agv': CMAKE_PREFIX_PATH=${CMAKE_PREFIX_PATH}:/opt/ros/jazzy DEBUGINFOD_URLS=https://debuginfod.ubuntu.com /usr/bin/cmake --install /home/pid/ros2_ws/src/femto_agv/build/femto_agv
[1.488s] -- Install configuration: ""
[1.489s] -- Execute custom install script
[1.490s] -- Symlinking: /home/pid/ros2_ws/src/femto_agv/install/femto_agv/share/femto_agv/config/empty.yaml
[1.509s] -- Symlinking: /home/pid/ros2_ws/src/femto_agv/install/femto_agv/share/femto_agv/description/robot.urdf.xacro
[1.527s] -- Symlinking: /home/pid/ros2_ws/src/femto_agv/install/femto_agv/share/femto_agv/launch/rsp.launch.py
[1.545s] -- Symlinking: /home/pid/ros2_ws/src/femto_agv/install/femto_agv/share/femto_agv/worlds/empty.world
[1.564s] -- Symlinking: /home/pid/ros2_ws/src/femto_agv/install/femto_agv/share/ament_index/resource_index/package_run_dependencies/femto_agv
[1.583s] -- Symlinking: /home/pid/ros2_ws/src/femto_agv/install/femto_agv/share/ament_index/resource_index/parent_prefix_path/femto_agv
[1.602s] -- Symlinking: /home/pid/ros2_ws/src/femto_agv/install/femto_agv/share/femto_agv/environment/ament_prefix_path.sh
[1.620s] -- Symlinking: /home/pid/ros2_ws/src/femto_agv/install/femto_agv/share/femto_agv/environment/ament_prefix_path.dsv
[1.637s] -- Symlinking: /home/pid/ros2_ws/src/femto_agv/install/femto_agv/share/femto_agv/environment/path.sh
[1.656s] -- Symlinking: /home/pid/ros2_ws/src/femto_agv/install/femto_agv/share/femto_agv/environment/path.dsv
[1.674s] -- Symlinking: /home/pid/ros2_ws/src/femto_agv/install/femto_agv/share/femto_agv/local_setup.bash
[1.693s] -- Symlinking: /home/pid/ros2_ws/src/femto_agv/install/femto_agv/share/femto_agv/local_setup.sh
[1.710s] -- Symlinking: /home/pid/ros2_ws/src/femto_agv/install/femto_agv/share/femto_agv/local_setup.zsh
[1.729s] -- Symlinking: /home/pid/ros2_ws/src/femto_agv/install/femto_agv/share/femto_agv/local_setup.dsv
[1.748s] -- Symlinking: /home/pid/ros2_ws/src/femto_agv/install/femto_agv/share/femto_agv/package.dsv
[1.766s] -- Symlinking: /home/pid/ros2_ws/src/femto_agv/install/femto_agv/share/ament_index/resource_index/packages/femto_agv
[1.784s] -- Symlinking: /home/pid/ros2_ws/src/femto_agv/install/femto_agv/share/femto_agv/cmake/femto_agvConfig.cmake
[1.803s] -- Symlinking: /home/pid/ros2_ws/src/femto_agv/install/femto_agv/share/femto_agv/cmake/femto_agvConfig-version.cmake
[1.822s] -- Symlinking: /home/pid/ros2_ws/src/femto_agv/install/femto_agv/share/femto_agv/package.xml
[1.844s] Invoked command in '/home/pid/ros2_ws/src/femto_agv/build/femto_agv' returned '0': CMAKE_PREFIX_PATH=${CMAKE_PREFIX_PATH}:/opt/ros/jazzy DEBUGINFOD_URLS=https://debuginfod.ubuntu.com /usr/bin/cmake --install /home/pid/ros2_ws/src/femto_agv/build/femto_agv
