[0.143s] DEBUG:colcon:Command line arguments: ['/usr/bin/colcon', 'build', '--symlink-install']
[0.143s] DEBUG:colcon:Parsed command line arguments: Namespace(log_base=None, log_level=None, verb_name='build', build_base='build', install_base='install', merge_install=False, symlink_install=True, test_result_base=None, continue_on_error=False, executor='parallel', parallel_workers=4, event_handlers=None, ignore_user_meta=False, metas=['./colcon.meta'], base_paths=['.'], packages_ignore=None, packages_ignore_regex=None, paths=None, packages_up_to=None, packages_up_to_regex=None, packages_above=None, packages_above_and_dependencies=None, packages_above_depth=None, packages_select_by_dep=None, packages_skip_by_dep=None, packages_skip_up_to=None, packages_select_build_failed=False, packages_skip_build_finished=False, packages_select_test_failures=False, packages_skip_test_passed=False, packages_select=None, packages_skip=None, packages_select_regex=None, packages_skip_regex=None, packages_start=None, packages_end=None, allow_overriding=[], cmake_args=None, cmake_target=None, cmake_target_skip_unavailable=False, cmake_clean_cache=False, cmake_clean_first=False, cmake_force_configure=False, ament_cmake_args=None, catkin_cmake_args=None, catkin_skip_building_tests=False, mixin_files=None, mixin=None, verb_parser=<colcon_mixin.mixin.mixin_argument.MixinArgumentDecorator object at 0xffff9acf5f40>, verb_extension=<colcon_core.verb.build.BuildVerb object at 0xffff9aeb4e60>, main=<bound method BuildVerb.main of <colcon_core.verb.build.BuildVerb object at 0xffff9aeb4e60>>, mixin_verb=('build',))
[0.192s] Level 1:colcon.colcon_core.package_discovery:discover_packages(colcon_meta) check parameters
[0.192s] Level 1:colcon.colcon_core.package_discovery:discover_packages(recursive) check parameters
[0.192s] Level 1:colcon.colcon_core.package_discovery:discover_packages(ignore) check parameters
[0.193s] Level 1:colcon.colcon_core.package_discovery:discover_packages(path) check parameters
[0.193s] Level 1:colcon.colcon_core.package_discovery:discover_packages(colcon_meta) discover
[0.193s] Level 1:colcon.colcon_core.package_discovery:discover_packages(recursive) discover
[0.193s] INFO:colcon.colcon_core.package_discovery:Crawling recursively for packages in '/home/pid/ros2_ws/src/femto_agv'
[0.193s] Level 1:colcon.colcon_core.package_identification:_identify(.) by extensions ['ignore', 'ignore_ament_install']
[0.193s] Level 1:colcon.colcon_core.package_identification:_identify(.) by extension 'ignore'
[0.193s] Level 1:colcon.colcon_core.package_identification:_identify(.) by extension 'ignore_ament_install'
[0.193s] Level 1:colcon.colcon_core.package_identification:_identify(.) by extensions ['colcon_pkg']
[0.193s] Level 1:colcon.colcon_core.package_identification:_identify(.) by extension 'colcon_pkg'
[0.193s] Level 1:colcon.colcon_core.package_identification:_identify(.) by extensions ['colcon_meta']
[0.193s] Level 1:colcon.colcon_core.package_identification:_identify(.) by extension 'colcon_meta'
[0.193s] Level 1:colcon.colcon_core.package_identification:_identify(.) by extensions ['ros']
[0.193s] Level 1:colcon.colcon_core.package_identification:_identify(.) by extension 'ros'
[0.233s] DEBUG:colcon.colcon_core.package_identification:Package '.' with type 'ros.ament_cmake' and name 'femto_agv'
[0.233s] Level 1:colcon.colcon_core.package_discovery:discover_packages(recursive) using defaults
[0.233s] Level 1:colcon.colcon_core.package_discovery:discover_packages(ignore) discover
[0.233s] Level 1:colcon.colcon_core.package_discovery:discover_packages(ignore) using defaults
[0.233s] Level 1:colcon.colcon_core.package_discovery:discover_packages(path) discover
[0.233s] Level 1:colcon.colcon_core.package_discovery:discover_packages(path) using defaults
[0.256s] Level 1:colcon.colcon_core.package_discovery:discover_packages(prefix_path) check parameters
[0.256s] Level 1:colcon.colcon_core.package_discovery:discover_packages(prefix_path) discover
[0.258s] DEBUG:colcon.colcon_installed_package_information.package_discovery:Found 2 installed packages in /home/pid/ros2_ws/install
[0.260s] DEBUG:colcon.colcon_installed_package_information.package_discovery:Found 349 installed packages in /opt/ros/jazzy
[0.261s] Level 1:colcon.colcon_core.package_discovery:discover_packages(prefix_path) using defaults
[0.329s] Level 5:colcon.colcon_core.verb:set package 'femto_agv' build argument 'cmake_args' from command line to 'None'
[0.329s] Level 5:colcon.colcon_core.verb:set package 'femto_agv' build argument 'cmake_target' from command line to 'None'
[0.329s] Level 5:colcon.colcon_core.verb:set package 'femto_agv' build argument 'cmake_target_skip_unavailable' from command line to 'False'
[0.329s] Level 5:colcon.colcon_core.verb:set package 'femto_agv' build argument 'cmake_clean_cache' from command line to 'False'
[0.329s] Level 5:colcon.colcon_core.verb:set package 'femto_agv' build argument 'cmake_clean_first' from command line to 'False'
[0.329s] Level 5:colcon.colcon_core.verb:set package 'femto_agv' build argument 'cmake_force_configure' from command line to 'False'
[0.329s] Level 5:colcon.colcon_core.verb:set package 'femto_agv' build argument 'ament_cmake_args' from command line to 'None'
[0.330s] Level 5:colcon.colcon_core.verb:set package 'femto_agv' build argument 'catkin_cmake_args' from command line to 'None'
[0.330s] Level 5:colcon.colcon_core.verb:set package 'femto_agv' build argument 'catkin_skip_building_tests' from command line to 'False'
[0.330s] DEBUG:colcon.colcon_core.verb:Building package 'femto_agv' with the following arguments: {'ament_cmake_args': None, 'build_base': '/home/pid/ros2_ws/src/femto_agv/build/femto_agv', 'catkin_cmake_args': None, 'catkin_skip_building_tests': False, 'cmake_args': None, 'cmake_clean_cache': False, 'cmake_clean_first': False, 'cmake_force_configure': False, 'cmake_target': None, 'cmake_target_skip_unavailable': False, 'install_base': '/home/pid/ros2_ws/src/femto_agv/install/femto_agv', 'merge_install': False, 'path': '/home/pid/ros2_ws/src/femto_agv', 'symlink_install': True, 'test_result_base': None}
[0.330s] INFO:colcon.colcon_core.executor:Executing jobs using 'parallel' executor
[0.331s] DEBUG:colcon.colcon_parallel_executor.executor.parallel:run_until_complete
[0.332s] INFO:colcon.colcon_ros.task.ament_cmake.build:Building ROS package in '/home/pid/ros2_ws/src/femto_agv' with build type 'ament_cmake'
[0.332s] INFO:colcon.colcon_cmake.task.cmake.build:Building CMake package in '/home/pid/ros2_ws/src/femto_agv'
[0.334s] INFO:colcon.colcon_core.plugin_system:Skipping extension 'colcon_core.shell.bat': Not used on non-Windows systems
[0.334s] INFO:colcon.colcon_core.shell:Skip shell extension 'powershell' for command environment: Not usable outside of PowerShell
[0.334s] DEBUG:colcon.colcon_core.shell:Skip shell extension 'dsv' for command environment
[0.346s] DEBUG:colcon.colcon_core.event_handler.log_command:Invoking command in '/home/pid/ros2_ws/src/femto_agv/build/femto_agv': CMAKE_PREFIX_PATH=${CMAKE_PREFIX_PATH}:/opt/ros/jazzy DEBUGINFOD_URLS=https://debuginfod.ubuntu.com /usr/bin/cmake /home/pid/ros2_ws/src/femto_agv -DAMENT_CMAKE_SYMLINK_INSTALL=1 -DCMAKE_INSTALL_PREFIX=/home/pid/ros2_ws/src/femto_agv/install/femto_agv
[1.671s] DEBUG:colcon.colcon_core.event_handler.log_command:Invoked command in '/home/pid/ros2_ws/src/femto_agv/build/femto_agv' returned '0': CMAKE_PREFIX_PATH=${CMAKE_PREFIX_PATH}:/opt/ros/jazzy DEBUGINFOD_URLS=https://debuginfod.ubuntu.com /usr/bin/cmake /home/pid/ros2_ws/src/femto_agv -DAMENT_CMAKE_SYMLINK_INSTALL=1 -DCMAKE_INSTALL_PREFIX=/home/pid/ros2_ws/src/femto_agv/install/femto_agv
[1.673s] DEBUG:colcon.colcon_core.event_handler.log_command:Invoking command in '/home/pid/ros2_ws/src/femto_agv/build/femto_agv': CMAKE_PREFIX_PATH=${CMAKE_PREFIX_PATH}:/opt/ros/jazzy DEBUGINFOD_URLS=https://debuginfod.ubuntu.com /usr/bin/cmake --build /home/pid/ros2_ws/src/femto_agv/build/femto_agv -- -j4 -l4
[1.749s] DEBUG:colcon.colcon_core.event_handler.log_command:Invoked command in '/home/pid/ros2_ws/src/femto_agv/build/femto_agv' returned '0': CMAKE_PREFIX_PATH=${CMAKE_PREFIX_PATH}:/opt/ros/jazzy DEBUGINFOD_URLS=https://debuginfod.ubuntu.com /usr/bin/cmake --build /home/pid/ros2_ws/src/femto_agv/build/femto_agv -- -j4 -l4
[1.804s] DEBUG:colcon.colcon_core.event_handler.log_command:Invoking command in '/home/pid/ros2_ws/src/femto_agv/build/femto_agv': CMAKE_PREFIX_PATH=${CMAKE_PREFIX_PATH}:/opt/ros/jazzy DEBUGINFOD_URLS=https://debuginfod.ubuntu.com /usr/bin/cmake --install /home/pid/ros2_ws/src/femto_agv/build/femto_agv
[2.175s] Level 1:colcon.colcon_core.environment:create_environment_scripts_only(femto_agv)
[2.176s] DEBUG:colcon.colcon_core.event_handler.log_command:Invoked command in '/home/pid/ros2_ws/src/femto_agv/build/femto_agv' returned '0': CMAKE_PREFIX_PATH=${CMAKE_PREFIX_PATH}:/opt/ros/jazzy DEBUGINFOD_URLS=https://debuginfod.ubuntu.com /usr/bin/cmake --install /home/pid/ros2_ws/src/femto_agv/build/femto_agv
[2.178s] Level 1:colcon.colcon_core.environment:checking '/home/pid/ros2_ws/src/femto_agv/install/femto_agv' for CMake module files
[2.179s] Level 1:colcon.colcon_core.environment:checking '/home/pid/ros2_ws/src/femto_agv/install/femto_agv' for CMake config files
[2.179s] Level 1:colcon.colcon_core.shell:create_environment_hook('femto_agv', 'cmake_prefix_path')
[2.179s] INFO:colcon.colcon_core.shell:Creating environment hook '/home/pid/ros2_ws/src/femto_agv/install/femto_agv/share/femto_agv/hook/cmake_prefix_path.ps1'
[2.180s] INFO:colcon.colcon_core.shell:Creating environment descriptor '/home/pid/ros2_ws/src/femto_agv/install/femto_agv/share/femto_agv/hook/cmake_prefix_path.dsv'
[2.180s] INFO:colcon.colcon_core.shell:Creating environment hook '/home/pid/ros2_ws/src/femto_agv/install/femto_agv/share/femto_agv/hook/cmake_prefix_path.sh'
[2.181s] Level 1:colcon.colcon_core.environment:checking '/home/pid/ros2_ws/src/femto_agv/install/femto_agv/bin'
[2.182s] Level 1:colcon.colcon_core.environment:checking '/home/pid/ros2_ws/src/femto_agv/install/femto_agv/lib/pkgconfig/femto_agv.pc'
[2.182s] Level 1:colcon.colcon_core.environment:checking '/home/pid/ros2_ws/src/femto_agv/install/femto_agv/lib/python3.12/site-packages'
[2.182s] Level 1:colcon.colcon_core.environment:checking '/home/pid/ros2_ws/src/femto_agv/install/femto_agv/bin'
[2.182s] INFO:colcon.colcon_core.shell:Creating package script '/home/pid/ros2_ws/src/femto_agv/install/femto_agv/share/femto_agv/package.ps1'
[2.183s] INFO:colcon.colcon_core.shell:Creating package descriptor '/home/pid/ros2_ws/src/femto_agv/install/femto_agv/share/femto_agv/package.dsv'
[2.184s] INFO:colcon.colcon_core.shell:Creating package script '/home/pid/ros2_ws/src/femto_agv/install/femto_agv/share/femto_agv/package.sh'
[2.184s] INFO:colcon.colcon_core.shell:Creating package script '/home/pid/ros2_ws/src/femto_agv/install/femto_agv/share/femto_agv/package.bash'
[2.185s] INFO:colcon.colcon_core.shell:Creating package script '/home/pid/ros2_ws/src/femto_agv/install/femto_agv/share/femto_agv/package.zsh'
[2.186s] Level 1:colcon.colcon_core.environment:create_file_with_runtime_dependencies(/home/pid/ros2_ws/src/femto_agv/install/femto_agv/share/colcon-core/packages/femto_agv)
[2.223s] Level 1:colcon.colcon_core.environment:create_environment_scripts_only(femto_agv)
[2.223s] Level 1:colcon.colcon_core.environment:checking '/home/pid/ros2_ws/src/femto_agv/install/femto_agv' for CMake module files
[2.224s] Level 1:colcon.colcon_core.environment:checking '/home/pid/ros2_ws/src/femto_agv/install/femto_agv' for CMake config files
[2.225s] Level 1:colcon.colcon_core.shell:create_environment_hook('femto_agv', 'cmake_prefix_path')
[2.225s] INFO:colcon.colcon_core.shell:Creating environment hook '/home/pid/ros2_ws/src/femto_agv/install/femto_agv/share/femto_agv/hook/cmake_prefix_path.ps1'
[2.226s] INFO:colcon.colcon_core.shell:Creating environment descriptor '/home/pid/ros2_ws/src/femto_agv/install/femto_agv/share/femto_agv/hook/cmake_prefix_path.dsv'
[2.227s] INFO:colcon.colcon_core.shell:Creating environment hook '/home/pid/ros2_ws/src/femto_agv/install/femto_agv/share/femto_agv/hook/cmake_prefix_path.sh'
[2.228s] Level 1:colcon.colcon_core.environment:checking '/home/pid/ros2_ws/src/femto_agv/install/femto_agv/bin'
[2.228s] Level 1:colcon.colcon_core.environment:checking '/home/pid/ros2_ws/src/femto_agv/install/femto_agv/lib/pkgconfig/femto_agv.pc'
[2.228s] Level 1:colcon.colcon_core.environment:checking '/home/pid/ros2_ws/src/femto_agv/install/femto_agv/lib/python3.12/site-packages'
[2.228s] Level 1:colcon.colcon_core.environment:checking '/home/pid/ros2_ws/src/femto_agv/install/femto_agv/bin'
[2.229s] INFO:colcon.colcon_core.shell:Creating package script '/home/pid/ros2_ws/src/femto_agv/install/femto_agv/share/femto_agv/package.ps1'
[2.230s] INFO:colcon.colcon_core.shell:Creating package descriptor '/home/pid/ros2_ws/src/femto_agv/install/femto_agv/share/femto_agv/package.dsv'
[2.230s] INFO:colcon.colcon_core.shell:Creating package script '/home/pid/ros2_ws/src/femto_agv/install/femto_agv/share/femto_agv/package.sh'
[2.231s] INFO:colcon.colcon_core.shell:Creating package script '/home/pid/ros2_ws/src/femto_agv/install/femto_agv/share/femto_agv/package.bash'
[2.232s] INFO:colcon.colcon_core.shell:Creating package script '/home/pid/ros2_ws/src/femto_agv/install/femto_agv/share/femto_agv/package.zsh'
[2.234s] Level 1:colcon.colcon_core.environment:create_file_with_runtime_dependencies(/home/pid/ros2_ws/src/femto_agv/install/femto_agv/share/colcon-core/packages/femto_agv)
[2.234s] DEBUG:colcon.colcon_parallel_executor.executor.parallel:closing loop
[2.235s] DEBUG:colcon.colcon_parallel_executor.executor.parallel:loop closed
[2.235s] DEBUG:colcon.colcon_parallel_executor.executor.parallel:run_until_complete finished with '0'
[2.235s] DEBUG:colcon.colcon_core.event_reactor:joining thread
[2.243s] INFO:colcon.colcon_core.plugin_system:Skipping extension 'colcon_notification.desktop_notification.terminal_notifier': Not used on non-Darwin systems
[2.243s] INFO:colcon.colcon_core.plugin_system:Skipping extension 'colcon_notification.desktop_notification.win32': Not used on non-Windows systems
[2.243s] INFO:colcon.colcon_notification.desktop_notification:Sending desktop notification using 'notify2'
[2.260s] DEBUG:colcon.colcon_core.event_reactor:joined thread
[2.261s] INFO:colcon.colcon_core.shell:Creating prefix script '/home/pid/ros2_ws/src/femto_agv/install/local_setup.ps1'
[2.262s] INFO:colcon.colcon_core.shell:Creating prefix util module '/home/pid/ros2_ws/src/femto_agv/install/_local_setup_util_ps1.py'
[2.263s] INFO:colcon.colcon_core.shell:Creating prefix chain script '/home/pid/ros2_ws/src/femto_agv/install/setup.ps1'
[2.264s] INFO:colcon.colcon_core.shell:Creating prefix script '/home/pid/ros2_ws/src/femto_agv/install/local_setup.sh'
[2.265s] INFO:colcon.colcon_core.shell:Creating prefix util module '/home/pid/ros2_ws/src/femto_agv/install/_local_setup_util_sh.py'
[2.265s] INFO:colcon.colcon_core.shell:Creating prefix chain script '/home/pid/ros2_ws/src/femto_agv/install/setup.sh'
[2.266s] INFO:colcon.colcon_core.shell:Creating prefix script '/home/pid/ros2_ws/src/femto_agv/install/local_setup.bash'
[2.267s] INFO:colcon.colcon_core.shell:Creating prefix chain script '/home/pid/ros2_ws/src/femto_agv/install/setup.bash'
[2.268s] INFO:colcon.colcon_core.shell:Creating prefix script '/home/pid/ros2_ws/src/femto_agv/install/local_setup.zsh'
[2.269s] INFO:colcon.colcon_core.shell:Creating prefix chain script '/home/pid/ros2_ws/src/femto_agv/install/setup.zsh'
